<?xml version="1.0" encoding="utf-8" standalone="no"?>
<!--This file represents the results of running a test suite-->
<test-results name="C:\dev\doctoralsurvey\tests\DoctoralSurvey.Tests\bin\Release\DoctoralSurvey.Tests.dll" total="1" errors="0" failures="0" not-run="0" inconclusive="0" ignored="0" skipped="0" invalid="0" date="2016-04-23" time="07:26:28">
  <environment nunit-version="2.6.4.14350" clr-version="2.0.50727.8689" os-version="Microsoft Windows NT 6.2.9200.0" platform="Win32NT" cwd="C:\dev\doctoralsurvey" machine-name="JEREMY-WIN10" user="Jeremy" user-domain="JEREMY-WIN10" />
  <culture-info current-culture="en-US" current-uiculture="en-US" />
  <test-suite type="Assembly" name="C:\dev\doctoralsurvey\tests\DoctoralSurvey.Tests\bin\Release\DoctoralSurvey.Tests.dll" executed="True" result="Success" success="True" time="0.075" asserts="0">
    <results>
      <test-suite type="Namespace" name="DoctoralSurvey" executed="True" result="Success" success="True" time="0.068" asserts="0">
        <results>
          <test-suite type="TestFixture" name="Tests" executed="True" result="Success" success="True" time="0.067" asserts="0">
            <results>
              <test-case name="DoctoralSurvey.Tests.hello returns 42" executed="True" result="Success" success="True" time="0.060" asserts="1" />
            </results>
          </test-suite>
        </results>
      </test-suite>
    </results>
  </test-suite>
</test-results>